<?xml version="1.0" encoding="UTF-8"?>
<!-- Generated by org.testng.reporters.JUnitXMLReporter -->
<testsuite ignored="0" hostname="DESKTOP-39NJKB5" failures="0" tests="5" name="API Test" time="3.538" errors="0" timestamp="2026-07-17T07:11:18 IST">
  <testcase classname="com.api.test.SignUpAPITest" name="signUp" time="2.463"/>
  <testcase classname="com.api.test.ForgotsPassword" name="forgotPassword" time="0.149"/>
  <testcase classname="com.api.test.LoginAPITest" name="login" time="0.268"/>
  <testcase classname="com.api.test.UpdateProfileAPI" name="updateProfile" time="0.328"/>
  <testcase classname="com.api.test.GetUserAPI" name="getUser" time="0.262"/>
</testsuite> <!-- API Test -->
