<?xml version="1.0" encoding="UTF-8"?>
<testsuite xmlns:xsi="http://www.w3.org/2001/XMLSchema-instance" xsi:noNamespaceSchemaLocation="https://maven.apache.org/surefire/maven-surefire-plugin/xsd/surefire-test-report.xsd" version="3.0.2" name="TestSuite" time="2.75" tests="2" errors="0" skipped="0" failures="0">
  <properties>
[...]
</properties>
  <testcase name="login" classname="com.api.test.LoginAPITest" time="1.878">
    <system-out><![CDATA[23:59:22.352 [main] INFO  com.api.listeners.TestListener - Test Started
23:59:23.570 [main] INFO  com.api.filters.LoggingFilter - BASE URL: http://64.227.160.186:8080
23:59:23.570 [main] INFO  com.api.filters.LoggingFilter - Request Headers: Accept=*/*
Content-Type=application/json
23:59:24.153 [main] INFO  com.api.filters.LoggingFilter - Status Code: 200
23:59:24.153 [main] INFO  com.api.filters.LoggingFilter - Response Headers: Vary=Origin
Vary=Access-Control-Request-Method
Vary=Access-Control-Request-Headers
Access-Control-Allow-Origin=https://swift.techwithjatin.com
Access-Control-Allow-Methods=GET, POST, PUT, DELETE, OPTIONS
Access-Control-Max-Age=3600
Access-Control-Allow-Headers=Authorization, Content-Type, Accept
Access-Control-Allow-Credentials=true
X-Content-Type-Options=nosniff
X-XSS-Protection=0
Cache-Control=no-cache, no-store, max-age=0, must-revalidate
Pragma=no-cache
Expires=0
X-Frame-Options=DENY
Content-Type=application/json
Transfer-Encoding=chunked
Date=Thu, 16 Jul 2026 18:29:24 GMT
Keep-Alive=timeout=60
Connection=keep-alive
23:59:24.153 [main] INFO  com.api.filters.LoggingFilter - Response Body:
io.restassured.internal.RestAssuredResponseImpl@4116f66a
{"token":"eyJhbGciOiJIUzI1NiJ9.eyJzdWIiOiJUZWphIiwiaWF0IjoxNzg0MjI2NTY0LCJleHAiOjE3ODQyMzAxNjR9.7LoqCGg1pyhM_nlsPAQJ3ME2A17-NQibwzk6BV8C78Q","type":"Bearer","id":5687,"username":"Teja","email":"tejarsmesh@gmail.com","roles":["ROLE_USER"]}
eyJhbGciOiJIUzI1NiJ9.eyJzdWIiOiJUZWphIiwiaWF0IjoxNzg0MjI2NTY0LCJleHAiOjE3ODQyMzAxNjR9.7LoqCGg1pyhM_nlsPAQJ3ME2A17-NQibwzk6BV8C78Q
]]></system-out>
    <system-err><![CDATA[SLF4J(W): No SLF4J providers were found.
SLF4J(W): Defaulting to no-operation (NOP) logger implementation
SLF4J(W): See https://www.slf4j.org/codes.html#noProviders for further details.
]]></system-err>
  </testcase>
  <testcase name="signUp" classname="com.api.test.SignUpAPITest" time="0.068">
    <system-out><![CDATA[23:59:24.233 [main] INFO  com.api.listeners.TestListener - Passed!
23:59:24.234 [main] INFO  com.api.listeners.TestListener - Description!
23:59:24.238 [main] INFO  com.api.listeners.TestListener - Test Started
23:59:24.250 [main] INFO  com.api.filters.LoggingFilter - BASE URL: http://64.227.160.186:8080
23:59:24.250 [main] INFO  com.api.filters.LoggingFilter - Request Headers: Accept=*/*
Content-Type=application/json
23:59:24.308 [main] INFO  com.api.filters.LoggingFilter - Status Code: 400
23:59:24.308 [main] INFO  com.api.filters.LoggingFilter - Response Headers: Vary=Origin
Vary=Access-Control-Request-Method
Vary=Access-Control-Request-Headers
Access-Control-Allow-Origin=https://swift.techwithjatin.com
Access-Control-Allow-Methods=GET, POST, PUT, DELETE, OPTIONS
Access-Control-Max-Age=3600
Access-Control-Allow-Headers=Authorization, Content-Type, Accept
Access-Control-Allow-Credentials=true
X-Content-Type-Options=nosniff
X-XSS-Protection=0
Cache-Control=no-cache, no-store, max-age=0, must-revalidate
Pragma=no-cache
Expires=0
X-Frame-Options=DENY
Content-Type=text/plain;charset=UTF-8
Content-Length=33
Date=Thu, 16 Jul 2026 18:29:24 GMT
Connection=close
23:59:24.309 [main] INFO  com.api.filters.LoggingFilter - Response Body:
io.restassured.internal.RestAssuredResponseImpl@2e4389ed
]]></system-out>
  </testcase>
</testsuite>