<?xml version="1.0" encoding="UTF-8"?>
<testng-results ignored="0" total="2" passed="2" failed="0" skipped="0">
  <reporter-output>
  </reporter-output>
  <suite started-at="2026-07-16T23:59:22 IST" name="Surefire suite" finished-at="2026-07-16T23:59:24 IST" duration-ms="1996">
    <groups>
    </groups>
    <test started-at="2026-07-16T23:59:22 IST" name="Surefire test" finished-at="2026-07-16T23:59:24 IST" duration-ms="1996">
      <class name="com.api.test.SignUpAPITest">
        <test-method signature="signUp()[pri:0, instance:com.api.test.SignUpAPITest@3b2c72c2]" started-at="2026-07-16T23:59:24 IST" name="signUp" finished-at="2026-07-16T23:59:24 IST" duration-ms="72" status="PASS">
          <reporter-output>
          </reporter-output>
        </test-method> <!-- signUp -->
      </class> <!-- com.api.test.SignUpAPITest -->
      <class name="com.api.test.LoginAPITest">
        <test-method signature="login()[pri:0, instance:com.api.test.LoginAPITest@255b53dc]" started-at="2026-07-16T23:59:22 IST" name="login" finished-at="2026-07-16T23:59:24 IST" duration-ms="1886" status="PASS">
          <reporter-output>
          </reporter-output>
        </test-method> <!-- login -->
      </class> <!-- com.api.test.LoginAPITest -->
    </test> <!-- Surefire test -->
  </suite> <!-- Surefire suite -->
</testng-results>
