<?xml version="1.0" encoding="UTF-8"?>
<testsuite xmlns:xsi="http://www.w3.org/2001/XMLSchema-instance" xsi:noNamespaceSchemaLocation="https://maven.apache.org/surefire/maven-surefire-plugin/xsd/surefire-test-report.xsd" version="3.0.2" name="TestSuite" time="3.43" tests="5" errors="0" skipped="0" failures="0">
  <properties>
[...]
</properties>
  <testcase name="signUp" classname="com.api.test.SignUpAPITest" time="1.726">
    <system-out><![CDATA[07:21:39.767 [main] INFO  com.api.listeners.TestListener - Test Started
07:21:41.004 [main] INFO  com.api.filters.LoggingFilter - BASE URL: http://64.227.160.186:8080
07:21:41.004 [main] INFO  com.api.filters.LoggingFilter - Request Headers: Accept=*/*
Content-Type=application/json
07:21:41.492 [main] INFO  com.api.filters.LoggingFilter - Status Code: 400
07:21:41.492 [main] INFO  com.api.filters.LoggingFilter - Response Headers: Vary=Origin
Vary=Access-Control-Request-Method
Vary=Access-Control-Request-Headers
Access-Control-Allow-Origin=https://swift.techwithjatin.com
Access-Control-Allow-Methods=GET, POST, PUT, DELETE, OPTIONS
Access-Control-Max-Age=3600
Access-Control-Allow-Headers=Authorization, Content-Type, Accept
Access-Control-Allow-Credentials=true
X-Content-Type-Options=nosniff
X-XSS-Protection=0
Cache-Control=no-cache, no-store, max-age=0, must-revalidate
Pragma=no-cache
Expires=0
X-Frame-Options=DENY
Content-Type=text/plain;charset=UTF-8
Content-Length=33
Date=Fri, 17 Jul 2026 01:51:41 GMT
Connection=close
07:21:41.492 [main] INFO  com.api.filters.LoggingFilter - Response Body:
io.restassured.internal.RestAssuredResponseImpl@21bd128b
]]></system-out>
    <system-err><![CDATA[SLF4J(W): No SLF4J providers were found.
SLF4J(W): Defaulting to no-operation (NOP) logger implementation
SLF4J(W): See https://www.slf4j.org/codes.html#noProviders for further details.
]]></system-err>
  </testcase>
  <testcase name="forgotPassword" classname="com.api.test.ForgotsPassword" time="0.111">
    <system-out><![CDATA[07:21:41.495 [main] INFO  com.api.listeners.TestListener - Passed!
07:21:41.496 [main] INFO  com.api.listeners.TestListener - Description!
07:21:41.499 [main] INFO  com.api.listeners.TestListener - Test Started
07:21:41.518 [main] INFO  com.api.filters.LoggingFilter - BASE URL: http://64.227.160.186:8080
07:21:41.518 [main] INFO  com.api.filters.LoggingFilter - Request Headers: Accept=*/*
Content-Type=application/json
07:21:41.582 [main] INFO  com.api.filters.LoggingFilter - Status Code: 200
07:21:41.582 [main] INFO  com.api.filters.LoggingFilter - Response Headers: Vary=Origin
Vary=Access-Control-Request-Method
Vary=Access-Control-Request-Headers
Access-Control-Allow-Origin=https://swift.techwithjatin.com
Access-Control-Allow-Methods=GET, POST, PUT, DELETE, OPTIONS
Access-Control-Max-Age=3600
Access-Control-Allow-Headers=Authorization, Content-Type, Accept
Access-Control-Allow-Credentials=true
X-Content-Type-Options=nosniff
X-XSS-Protection=0
Cache-Control=no-cache, no-store, max-age=0, must-revalidate
Pragma=no-cache
Expires=0
X-Frame-Options=DENY
Content-Type=application/json
Transfer-Encoding=chunked
Date=Fri, 17 Jul 2026 01:51:41 GMT
Keep-Alive=timeout=60
Connection=keep-alive
07:21:41.582 [main] INFO  com.api.filters.LoggingFilter - Response Body:
io.restassured.internal.RestAssuredResponseImpl@5e5beb8a
{
    "message": "If your email exists in our system, you will receive reset instructions."
}
]]></system-out>
  </testcase>
  <testcase name="login" classname="com.api.test.LoginAPITest" time="0.252">
    <system-out><![CDATA[07:21:41.616 [main] INFO  com.api.listeners.TestListener - Passed!
07:21:41.617 [main] INFO  com.api.listeners.TestListener - Description!
07:21:41.618 [main] INFO  com.api.listeners.TestListener - Test Started
07:21:41.634 [main] INFO  com.api.filters.LoggingFilter - BASE URL: http://64.227.160.186:8080
07:21:41.635 [main] INFO  com.api.filters.LoggingFilter - Request Headers: Accept=*/*
Content-Type=application/json
07:21:41.767 [main] INFO  com.api.filters.LoggingFilter - Status Code: 200
07:21:41.769 [main] INFO  com.api.filters.LoggingFilter - Response Headers: Vary=Origin
Vary=Access-Control-Request-Method
Vary=Access-Control-Request-Headers
Access-Control-Allow-Origin=https://swift.techwithjatin.com
Access-Control-Allow-Methods=GET, POST, PUT, DELETE, OPTIONS
Access-Control-Max-Age=3600
Access-Control-Allow-Headers=Authorization, Content-Type, Accept
Access-Control-Allow-Credentials=true
X-Content-Type-Options=nosniff
X-XSS-Protection=0
Cache-Control=no-cache, no-store, max-age=0, must-revalidate
Pragma=no-cache
Expires=0
X-Frame-Options=DENY
Content-Type=application/json
Transfer-Encoding=chunked
Date=Fri, 17 Jul 2026 01:51:41 GMT
Keep-Alive=timeout=60
Connection=keep-alive
07:21:41.770 [main] INFO  com.api.filters.LoggingFilter - Response Body:
io.restassured.internal.RestAssuredResponseImpl@2ffe243f
{"token":"eyJhbGciOiJIUzI1NiJ9.eyJzdWIiOiJUZWphIiwiaWF0IjoxNzg0MjUzMTAxLCJleHAiOjE3ODQyNTY3MDF9.P4N_-8wSdCF9avTDHFSMapxl7Sl2kvzjQnlhTyhPj7o","type":"Bearer","id":5687,"username":"Teja","email":"tejarsmesh@gmail.com","roles":["ROLE_USER"]}
eyJhbGciOiJIUzI1NiJ9.eyJzdWIiOiJUZWphIiwiaWF0IjoxNzg0MjUzMTAxLCJleHAiOjE3ODQyNTY3MDF9.P4N_-8wSdCF9avTDHFSMapxl7Sl2kvzjQnlhTyhPj7o
]]></system-out>
  </testcase>
  <testcase name="updateProfile" classname="com.api.test.UpdateProfileAPI" time="0.294">
    <system-out><![CDATA[07:21:41.874 [main] INFO  com.api.listeners.TestListener - Passed!
07:21:41.875 [main] INFO  com.api.listeners.TestListener - Description!
07:21:41.876 [main] INFO  com.api.listeners.TestListener - Test Started
07:21:41.885 [main] INFO  com.api.filters.LoggingFilter - BASE URL: http://64.227.160.186:8080
07:21:41.886 [main] INFO  com.api.filters.LoggingFilter - Request Headers: Accept=*/*
Content-Type=application/json
07:21:42.024 [main] INFO  com.api.filters.LoggingFilter - Status Code: 200
07:21:42.025 [main] INFO  com.api.filters.LoggingFilter - Response Headers: Vary=Origin
Vary=Access-Control-Request-Method
Vary=Access-Control-Request-Headers
Access-Control-Allow-Origin=https://swift.techwithjatin.com
Access-Control-Allow-Methods=GET, POST, PUT, DELETE, OPTIONS
Access-Control-Max-Age=3600
Access-Control-Allow-Headers=Authorization, Content-Type, Accept
Access-Control-Allow-Credentials=true
X-Content-Type-Options=nosniff
X-XSS-Protection=0
Cache-Control=no-cache, no-store, max-age=0, must-revalidate
Pragma=no-cache
Expires=0
X-Frame-Options=DENY
Content-Type=application/json
Transfer-Encoding=chunked
Date=Fri, 17 Jul 2026 01:51:41 GMT
Keep-Alive=timeout=60
Connection=keep-alive
07:21:42.026 [main] INFO  com.api.filters.LoggingFilter - Response Body:
io.restassured.internal.RestAssuredResponseImpl@7412a438
07:21:42.080 [main] INFO  com.api.filters.LoggingFilter - BASE URL: http://64.227.160.186:8080
07:21:42.081 [main] INFO  com.api.filters.LoggingFilter - Request Headers: Authorization=Bearer eyJhbGciOiJIUzI1NiJ9.eyJzdWIiOiJUZWphIiwiaWF0IjoxNzg0MjUzMTAxLCJleHAiOjE3ODQyNTY3MDF9.P4N_-8wSdCF9avTDHFSMapxl7Sl2kvzjQnlhTyhPj7o
Accept=*/*
Content-Type=application/json
07:21:42.167 [main] INFO  com.api.filters.LoggingFilter - Status Code: 200
07:21:42.167 [main] INFO  com.api.filters.LoggingFilter - Response Headers: Vary=Origin
Vary=Access-Control-Request-Method
Vary=Access-Control-Request-Headers
Access-Control-Allow-Origin=https://swift.techwithjatin.com
Access-Control-Allow-Methods=GET, POST, PUT, DELETE, OPTIONS
Access-Control-Max-Age=3600
Access-Control-Allow-Headers=Authorization, Content-Type, Accept
Access-Control-Allow-Credentials=true
X-Content-Type-Options=nosniff
X-XSS-Protection=0
Cache-Control=no-cache, no-store, max-age=0, must-revalidate
Pragma=no-cache
Expires=0
X-Frame-Options=DENY
Content-Type=application/json
Transfer-Encoding=chunked
Date=Fri, 17 Jul 2026 01:51:41 GMT
Keep-Alive=timeout=60
Connection=keep-alive
07:21:42.169 [main] INFO  com.api.filters.LoggingFilter - Response Body:
io.restassured.internal.RestAssuredResponseImpl@3cdc7b09
{
    "id": 5687,
    "username": "Teja",
    "email": "tejarsmesh@gmail.com",
    "firstName": "Teja",
    "lastName": "r",
    "mobileNumber": "8217578543"
}
75
]]></system-out>
  </testcase>
  <testcase name="getUser" classname="com.api.test.GetUserAPI" time="0.232">
    <system-out><![CDATA[07:21:42.172 [main] INFO  com.api.listeners.TestListener - Passed!
07:21:42.172 [main] INFO  com.api.listeners.TestListener - Description!
07:21:42.173 [main] INFO  com.api.listeners.TestListener - Test Started
07:21:42.183 [main] INFO  com.api.filters.LoggingFilter - BASE URL: http://64.227.160.186:8080
07:21:42.183 [main] INFO  com.api.filters.LoggingFilter - Request Headers: Accept=*/*
Content-Type=application/json
07:21:42.320 [main] INFO  com.api.filters.LoggingFilter - Status Code: 200
07:21:42.320 [main] INFO  com.api.filters.LoggingFilter - Response Headers: Vary=Origin
Vary=Access-Control-Request-Method
Vary=Access-Control-Request-Headers
Access-Control-Allow-Origin=https://swift.techwithjatin.com
Access-Control-Allow-Methods=GET, POST, PUT, DELETE, OPTIONS
Access-Control-Max-Age=3600
Access-Control-Allow-Headers=Authorization, Content-Type, Accept
Access-Control-Allow-Credentials=true
X-Content-Type-Options=nosniff
X-XSS-Protection=0
Cache-Control=no-cache, no-store, max-age=0, must-revalidate
Pragma=no-cache
Expires=0
X-Frame-Options=DENY
Content-Type=application/json
Transfer-Encoding=chunked
Date=Fri, 17 Jul 2026 01:51:41 GMT
Keep-Alive=timeout=60
Connection=keep-alive
07:21:42.321 [main] INFO  com.api.filters.LoggingFilter - Response Body:
io.restassured.internal.RestAssuredResponseImpl@10850d17
eyJhbGciOiJIUzI1NiJ9.eyJzdWIiOiJUZWphIiwiaWF0IjoxNzg0MjUzMTAxLCJleHAiOjE3ODQyNTY3MDF9.P4N_-8wSdCF9avTDHFSMapxl7Sl2kvzjQnlhTyhPj7o
07:21:42.347 [main] INFO  com.api.filters.LoggingFilter - BASE URL: http://64.227.160.186:8080
07:21:42.347 [main] INFO  com.api.filters.LoggingFilter - Request Headers: Authorization=Bearer eyJhbGciOiJIUzI1NiJ9.eyJzdWIiOiJUZWphIiwiaWF0IjoxNzg0MjUzMTAxLCJleHAiOjE3ODQyNTY3MDF9.P4N_-8wSdCF9avTDHFSMapxl7Sl2kvzjQnlhTyhPj7o
Accept=*/*
Content-Type=application/json
07:21:42.403 [main] INFO  com.api.filters.LoggingFilter - Status Code: 200
07:21:42.403 [main] INFO  com.api.filters.LoggingFilter - Response Headers: Vary=Origin
Vary=Access-Control-Request-Method
Vary=Access-Control-Request-Headers
Access-Control-Allow-Origin=https://swift.techwithjatin.com
Access-Control-Allow-Methods=GET, POST, PUT, DELETE, OPTIONS
Access-Control-Max-Age=3600
Access-Control-Allow-Headers=Authorization, Content-Type, Accept
Access-Control-Allow-Credentials=true
X-Content-Type-Options=nosniff
X-XSS-Protection=0
Cache-Control=no-cache, no-store, max-age=0, must-revalidate
Pragma=no-cache
Expires=0
X-Frame-Options=DENY
Content-Type=application/json
Transfer-Encoding=chunked
Date=Fri, 17 Jul 2026 01:51:41 GMT
Keep-Alive=timeout=60
Connection=keep-alive
07:21:42.404 [main] INFO  com.api.filters.LoggingFilter - Response Body:
io.restassured.internal.RestAssuredResponseImpl@cfd1075
{
    "id": 5687,
    "username": "Teja",
    "email": "tejarsmesh@gmail.com",
    "firstName": "Teja",
    "lastName": "r",
    "mobileNumber": "8217578543"
}
]]></system-out>
  </testcase>
</testsuite>