<?xml version="1.0" encoding="UTF-8"?>
<!-- Generated by org.testng.reporters.JUnitXMLReporter -->
<testsuite ignored="0" hostname="DESKTOP-39NJKB5" failures="0" tests="5" name="API Test" time="2.674" errors="0" timestamp="2026-07-17T07:21:42 IST">
  <testcase classname="com.api.test.SignUpAPITest" name="signUp" time="1.731"/>
  <testcase classname="com.api.test.ForgotsPassword" name="forgotPassword" time="0.118"/>
  <testcase classname="com.api.test.LoginAPITest" name="login" time="0.256"/>
  <testcase classname="com.api.test.UpdateProfileAPI" name="updateProfile" time="0.295"/>
  <testcase classname="com.api.test.GetUserAPI" name="getUser" time="0.234"/>
</testsuite> <!-- API Test -->
