<?xml version="1.0" encoding="UTF-8"?>
<testng-results ignored="0" total="1" passed="1" failed="0" skipped="0">
  <reporter-output>
  </reporter-output>
  <suite started-at="2026-07-16T23:16:53 IST" name="Default suite" finished-at="2026-07-16T23:16:55 IST" duration-ms="2245">
    <groups>
    </groups>
    <test started-at="2026-07-16T23:16:53 IST" name="Default test" finished-at="2026-07-16T23:16:55 IST" duration-ms="2245">
      <class name="com.api.test.LoginAPITest">
        <test-method signature="login()[pri:0, instance:com.api.test.LoginAPITest@7db12bb6]" started-at="2026-07-16T23:16:53 IST" name="login" finished-at="2026-07-16T23:16:55 IST" duration-ms="2196" status="PASS">
          <reporter-output>
          </reporter-output>
        </test-method> <!-- login -->
      </class> <!-- com.api.test.LoginAPITest -->
    </test> <!-- Default test -->
  </suite> <!-- Default suite -->
</testng-results>
