<?xml version="1.0" encoding="UTF-8"?>
<testng-results ignored="0" total="1" passed="1" failed="0" skipped="0">
  <reporter-output>
  </reporter-output>
  <suite started-at="2026-07-16T20:06:42 IST" name="Default suite" finished-at="2026-07-16T20:06:47 IST" duration-ms="4206">
    <groups>
    </groups>
    <test started-at="2026-07-16T20:06:42 IST" name="Default test" finished-at="2026-07-16T20:06:47 IST" duration-ms="4206">
      <class name="com.api.test.UpdateProfileAPI">
        <test-method signature="updateProfile()[pri:0, instance:com.api.test.UpdateProfileAPI@b9b00e0]" started-at="2026-07-16T20:06:43 IST" name="updateProfile" finished-at="2026-07-16T20:06:47 IST" duration-ms="4131" status="PASS">
          <reporter-output>
          </reporter-output>
        </test-method> <!-- updateProfile -->
      </class> <!-- com.api.test.UpdateProfileAPI -->
    </test> <!-- Default test -->
  </suite> <!-- Default suite -->
</testng-results>
